<?xml version="1.0" encoding="UTF-8"?>
<testsuite name="org.example.TowerDefenseGameTest" tests="1" skipped="0" failures="0" errors="0" timestamp="2024-06-23T22:19:33" hostname="LAPTOP-JKAB9HT6" time="1.06">
  <properties/>
  <testcase name="testPlaceTower_ValidPosition()" classname="org.example.TowerDefenseGameTest" time="1.06"/>
  <system-out><![CDATA[]]></system-out>
  <system-err><![CDATA[]]></system-err>
</testsuite>
